<?xml version="1.0" encoding="UTF-8"?>
<!-- Generated by org.testng.reporters.JUnitXMLReporter -->
<testsuite ignored="6" hostname="Neena" failures="1" tests="4" name="Default test" time="37.78" errors="0" timestamp="2024-11-22T13:54:01 IST">
  <testcase classname="com.sevenrmartsupermarket.tests.SubcategoryTest" name="verifyInvalidSearchUsingRetryAnalyzer" time="4.933">
    <skipped/>
  </testcase> <!-- verifyInvalidSearchUsingRetryAnalyzer -->
  <testcase classname="com.sevenrmartsupermarket.tests.SubcategoryTest" name="verifyInvalidSearchUsingRetryAnalyzer" time="3.139">
    <skipped/>
  </testcase> <!-- verifyInvalidSearchUsingRetryAnalyzer -->
  <testcase classname="com.sevenrmartsupermarket.tests.SubcategoryTest" name="verifyInvalidSearchUsingRetryAnalyzer" time="4.789">
    <skipped/>
  </testcase> <!-- verifyInvalidSearchUsingRetryAnalyzer -->
  <testcase classname="com.sevenrmartsupermarket.tests.SubcategoryTest" name="verifyInvalidSearchUsingRetryAnalyzer" time="3.16">
    <failure type="java.lang.AssertionError" message="expected [RESULT NOT FOUND] but found [.........RESULT NOT FOUND.......]">
      <![CDATA[java.lang.AssertionError: expected [RESULT NOT FOUND] but found [.........RESULT NOT FOUND.......]
at org.testng.Assert.fail(Assert.java:110)
at org.testng.Assert.failNotEquals(Assert.java:1577)
at org.testng.Assert.assertEqualsImpl(Assert.java:149)
at org.testng.Assert.assertEquals(Assert.java:131)
at org.testng.Assert.assertEquals(Assert.java:655)
at org.testng.Assert.assertEquals(Assert.java:665)
at com.sevenrmartsupermarket.tests.SubcategoryTest.verifyInvalidSearchUsingRetryAnalyzer(SubcategoryTest.java:129)
at java.base/jdk.internal.reflect.DirectMethodHandleAccessor.invoke(DirectMethodHandleAccessor.java:103)
at java.base/java.lang.reflect.Method.invoke(Method.java:580)
at org.testng.internal.invokers.MethodInvocationHelper.invokeMethod(MethodInvocationHelper.java:139)
at org.testng.internal.invokers.TestInvoker.invokeMethod(TestInvoker.java:677)
at org.testng.internal.invokers.TestInvoker.retryFailed(TestInvoker.java:263)
at org.testng.internal.invokers.MethodRunner.runInSequence(MethodRunner.java:62)
at org.testng.internal.invokers.TestInvoker$MethodInvocationAgent.invoke(TestInvoker.java:969)
at org.testng.internal.invokers.TestInvoker.invokeTestMethods(TestInvoker.java:194)
at org.testng.internal.invokers.TestMethodWorker.invokeTestMethods(TestMethodWorker.java:148)
at org.testng.internal.invokers.TestMethodWorker.run(TestMethodWorker.java:128)
at java.base/java.util.ArrayList.forEach(ArrayList.java:1597)
at org.testng.TestRunner.privateRun(TestRunner.java:829)
at org.testng.TestRunner.run(TestRunner.java:602)
at org.testng.SuiteRunner.runTest(SuiteRunner.java:437)
at org.testng.SuiteRunner.runSequentially(SuiteRunner.java:431)
at org.testng.SuiteRunner.privateRun(SuiteRunner.java:391)
at org.testng.SuiteRunner.run(SuiteRunner.java:330)
at org.testng.SuiteRunnerWorker.runSuite(SuiteRunnerWorker.java:52)
at org.testng.SuiteRunnerWorker.run(SuiteRunnerWorker.java:95)
at org.testng.TestNG.runSuitesSequentially(TestNG.java:1256)
at org.testng.TestNG.runSuitesLocally(TestNG.java:1176)
at org.testng.TestNG.runSuites(TestNG.java:1099)
at org.testng.TestNG.run(TestNG.java:1067)
at org.testng.remote.AbstractRemoteTestNG.run(AbstractRemoteTestNG.java:115)
at org.testng.remote.RemoteTestNG.initAndRun(RemoteTestNG.java:293)
at org.testng.remote.RemoteTestNG.main(RemoteTestNG.java:91)
]]>
    </failure>
  </testcase> <!-- verifyInvalidSearchUsingRetryAnalyzer -->
  <testcase classname="com.sevenrmartsupermarket.tests.SubcategoryTest" name="verifyInvalidSearchUsingDataProvider" time="0.0">
    <ignored/>
  </testcase> <!-- verifyInvalidSearchUsingDataProvider -->
  <testcase classname="com.sevenrmartsupermarket.tests.SubcategoryTest" name="verifyInvalidSearch" time="0.0">
    <ignored/>
  </testcase> <!-- verifyInvalidSearch -->
  <testcase classname="com.sevenrmartsupermarket.tests.SubcategoryTest" name="verifySearchResult" time="0.0">
    <ignored/>
  </testcase> <!-- verifySearchResult -->
  <testcase classname="com.sevenrmartsupermarket.tests.SubcategoryTest" name="verifyAddingNewSubCategory" time="0.0">
    <ignored/>
  </testcase> <!-- verifyAddingNewSubCategory -->
  <testcase classname="com.sevenrmartsupermarket.tests.SubcategoryTest" name="verifyResetButtonIsenabledOrNot" time="0.0">
    <ignored/>
  </testcase> <!-- verifyResetButtonIsenabledOrNot -->
  <testcase classname="com.sevenrmartsupermarket.tests.SubcategoryTest" name="verifySubcategoryListUsingSearchbutton" time="0.0">
    <ignored/>
  </testcase> <!-- verifySubcategoryListUsingSearchbutton -->
</testsuite> <!-- Default test -->
